<?xml version="1.0" encoding="UTF-8"?>
<testng-results ignored="0" total="1" passed="1" failed="0" skipped="0">
  <reporter-output>
  </reporter-output>
  <suite started-at="2023-04-15T23:36:17 EEST" name="Default suite" finished-at="2023-04-15T23:36:28 EEST" duration-ms="10774">
    <groups>
    </groups>
    <test started-at="2023-04-15T23:36:17 EEST" name="Default test" finished-at="2023-04-15T23:36:28 EEST" duration-ms="10774">
      <class name="MyTestCases">
        <test-method is-config="true" signature="myBeforeTest()[pri:0, instance:MyTestCases@4466af20]" started-at="2023-04-15T23:36:17 EEST" name="myBeforeTest" finished-at="2023-04-15T23:36:17 EEST" duration-ms="7" status="PASS">
          <reporter-output>
          </reporter-output>
        </test-method> <!-- myBeforeTest -->
        <test-method signature="ClickonAllDigits()[pri:0, instance:MyTestCases@4466af20]" started-at="2023-04-15T23:36:17 EEST" name="ClickonAllDigits" finished-at="2023-04-15T23:36:28 EEST" duration-ms="10750" status="PASS">
          <reporter-output>
          </reporter-output>
        </test-method> <!-- ClickonAllDigits -->
        <test-method is-config="true" signature="AftermyTest()[pri:0, instance:MyTestCases@4466af20]" started-at="2023-04-15T23:36:28 EEST" name="AftermyTest" finished-at="2023-04-15T23:36:28 EEST" duration-ms="0" status="PASS">
          <reporter-output>
          </reporter-output>
        </test-method> <!-- AftermyTest -->
      </class> <!-- MyTestCases -->
    </test> <!-- Default test -->
  </suite> <!-- Default suite -->
</testng-results>
